<?xml version="1.0" encoding="UTF-8"?>
<!-- Generated by org.testng.reporters.JUnitXMLReporter -->
<testsuite ignored="0" hostname="heisenberg" failures="2" tests="10" name="Personal loan" time="0.148" errors="0" timestamp="2025-01-23T22:16:34 IST">
  <testcase classname="test.Day3" name="APILoginModuleCarLoan" time="0.008"/>
  <testcase classname="test.Day3" name="APISignOutModuleCarLoan" time="0.003"/>
  <testcase classname="test.Day3" name="failMethod" time="0.012">
    <failure type="java.lang.AssertionError" message="expected [true] but found [false]">
      <![CDATA[java.lang.AssertionError: expected [true] but found [false]
at test.Day3.failMethod(Day3.java:78)
at java.base/java.util.ArrayList.forEach(ArrayList.java:1511)
... Removed 29 stack frames]]>
    </failure>
  </testcase> <!-- failMethod -->
  <testcase classname="test.Day3" name="login" time="0.005"/>
  <testcase classname="test.Day3" name="login" time="0.003"/>
  <testcase classname="test.Day3" name="login" time="0.002"/>
  <testcase classname="test.Day3" name="mobileLoginCarLoan" time="0.0">
    <failure type="org.testng.TestNGException" message="
Parameter &amp;apos;URL&amp;apos; is required by @Test on method mobileLoginCarLoan but has not been marked @Optional or defined
in /home/sagar/git/TestNG-features/TestNG_framework/Listeners.xml">
      <![CDATA[org.testng.TestNGException: 
Parameter 'URL' is required by @Test on method mobileLoginCarLoan but has not been marked @Optional or defined
in /home/sagar/git/TestNG-features/TestNG_framework/Listeners.xml
at java.base/java.util.ArrayList.forEach(ArrayList.java:1511)
... Removed 26 stack frames]]>
    </failure>
  </testcase> <!-- mobileLoginCarLoan -->
  <testcase classname="test.Day3" name="mobileSignOutCarLoan" time="0.002"/>
  <testcase classname="test.Day3" name="webLoginCarLoan" time="0.002"/>
  <testcase classname="test.Day3" name="webSignOutCarLoan" time="0.001"/>
</testsuite> <!-- Personal loan -->
